<?xml version="1.0" encoding="UTF-8"?>
<!-- Generated by org.testng.reporters.JUnitXMLReporter -->
<testsuite hostname="LAPTOP-1F0JMU93" ignored="0" name="Transfer Test Cases" tests="5" failures="0" timestamp="29 Dec 2018 15:59:27 GMT" time="6.755" errors="0">
  <testcase name="@BeforeTest setUp" time="6.665" classname="com.TestCases.VerifyDailyMyTdecuAccountTransfer">
    <failure type="java.lang.NullPointerException">
      <![CDATA[java.lang.NullPointerException
at com.TestCases.VerifyDailyMyTdecuAccountTransfer.setUp(VerifyDailyMyTdecuAccountTransfer.java:25)
... Removed 24 stack frames]]>
    </failure>
  </testcase> <!-- @BeforeTest setUp -->
  <testcase name="@BeforeTest setUp" time="0.0" classname="com.TestCases.VerifyMinimumAmountTransfer">
    <skipped/>
  </testcase> <!-- @BeforeTest setUp -->
  <testcase name="@BeforeTest setUp" time="0.0" classname="com.TestCases.VerifyMonthlyMyTdecuAccountTransfer">
    <skipped/>
  </testcase> <!-- @BeforeTest setUp -->
  <testcase name="@BeforeTest setUp" time="0.0" classname="com.TestCases.VerifyOnetimeMyTdecuAccountTransfer">
    <skipped/>
  </testcase> <!-- @BeforeTest setUp -->
  <testcase name="@BeforeTest setUp" time="0.0" classname="com.TestCases.VerifyWeeklyMyTdecuAccountTransfer">
    <skipped/>
  </testcase> <!-- @BeforeTest setUp -->
  <testcase name="@AfterTest tearDown" time="0.0" classname="com.TestCases.VerifyDailyMyTdecuAccountTransfer">
    <skipped/>
  </testcase> <!-- @AfterTest tearDown -->
  <testcase name="@AfterTest tearDown" time="0.0" classname="com.TestCases.VerifyMinimumAmountTransfer">
    <skipped/>
  </testcase> <!-- @AfterTest tearDown -->
  <testcase name="@AfterTest tearDown" time="0.0" classname="com.TestCases.VerifyMonthlyMyTdecuAccountTransfer">
    <skipped/>
  </testcase> <!-- @AfterTest tearDown -->
  <testcase name="@AfterTest tearDown" time="0.0" classname="com.TestCases.VerifyOnetimeMyTdecuAccountTransfer">
    <skipped/>
  </testcase> <!-- @AfterTest tearDown -->
  <testcase name="@AfterTest tearDown" time="0.0" classname="com.TestCases.VerifyWeeklyMyTdecuAccountTransfer">
    <skipped/>
  </testcase> <!-- @AfterTest tearDown -->
  <testcase name="verifyMinimumTransfer" time="0.0" classname="com.TestCases.VerifyMinimumAmountTransfer">
    <skipped/>
  </testcase> <!-- verifyMinimumTransfer -->
  <testcase name="verifyOneTimeTransfer" time="0.0" classname="com.TestCases.VerifyOnetimeMyTdecuAccountTransfer">
    <skipped/>
  </testcase> <!-- verifyOneTimeTransfer -->
  <testcase name="verifyDailyTransfer" time="0.0" classname="com.TestCases.VerifyDailyMyTdecuAccountTransfer">
    <skipped/>
  </testcase> <!-- verifyDailyTransfer -->
  <testcase name="verifyWeeklyTransfer" time="0.0" classname="com.TestCases.VerifyWeeklyMyTdecuAccountTransfer">
    <skipped/>
  </testcase> <!-- verifyWeeklyTransfer -->
  <testcase name="verifyMonthlyTransfer" time="0.0" classname="com.TestCases.VerifyMonthlyMyTdecuAccountTransfer">
    <skipped/>
  </testcase> <!-- verifyMonthlyTransfer -->
</testsuite> <!-- Transfer Test Cases -->
