<?xml version="1.0" encoding="UTF-8"?>
<!-- Generated by org.testng.reporters.JUnitXMLReporter -->
<testsuite hostname="LAPTOP-1F0JMU93" ignored="0" name="VerifyOneTimeOtherTdecuAccountTransfer Test Cases" tests="1" failures="0" timestamp="31 Dec 2018 15:19:27 GMT" time="30.089" errors="0">
  <testcase name="verifyOneTimeOtherTdecuAccountTransfer" time="16.324" classname="com.TestCases.VerifyOnetimeOtherTdecuAccountTransfer"/>
</testsuite> <!-- VerifyOneTimeOtherTdecuAccountTransfer Test Cases -->
