<?xml version="1.0" encoding="UTF-8"?>
<!-- Generated by org.testng.reporters.JUnitXMLReporter -->
<testsuite hostname="LAPTOP-1F0JMU93" ignored="0" name="VerifyOnetimeMyTdecuAccountTransfer Test Cases" tests="1" failures="0" timestamp="29 Dec 2018 16:04:37 GMT" time="5.698" errors="0">
  <testcase name="@BeforeTest setUp" time="5.687" classname="com.TestCases.VerifyOnetimeMyTdecuAccountTransfer">
    <failure type="java.lang.NullPointerException">
      <![CDATA[java.lang.NullPointerException
at com.TestCases.VerifyOnetimeMyTdecuAccountTransfer.setUp(VerifyOnetimeMyTdecuAccountTransfer.java:28)
... Removed 24 stack frames]]>
    </failure>
  </testcase> <!-- @BeforeTest setUp -->
  <testcase name="@AfterTest tearDown" time="0.0" classname="com.TestCases.VerifyOnetimeMyTdecuAccountTransfer">
    <skipped/>
  </testcase> <!-- @AfterTest tearDown -->
  <testcase name="verifyOneTimeTransfer" time="0.0" classname="com.TestCases.VerifyOnetimeMyTdecuAccountTransfer">
    <skipped/>
  </testcase> <!-- verifyOneTimeTransfer -->
</testsuite> <!-- VerifyOnetimeMyTdecuAccountTransfer Test Cases -->
