<?xml version="1.0" encoding="UTF-8"?>
<!-- Generated by org.testng.reporters.JUnitXMLReporter -->
<testsuite hostname="LAPTOP-1F0JMU93" ignored="0" name="VerifyMonthlyMyTdecuAccountTransfer Test Cases" tests="1" failures="0" timestamp="29 Dec 2018 16:04:58 GMT" time="7.033" errors="0">
  <testcase name="@BeforeTest setUp" time="7.026" classname="com.TestCases.VerifyMonthlyMyTdecuAccountTransfer">
    <failure type="java.lang.NullPointerException">
      <![CDATA[java.lang.NullPointerException
at com.TestCases.VerifyMonthlyMyTdecuAccountTransfer.setUp(VerifyMonthlyMyTdecuAccountTransfer.java:22)
... Removed 24 stack frames]]>
    </failure>
  </testcase> <!-- @BeforeTest setUp -->
  <testcase name="@AfterTest tearDown" time="0.0" classname="com.TestCases.VerifyMonthlyMyTdecuAccountTransfer">
    <skipped/>
  </testcase> <!-- @AfterTest tearDown -->
  <testcase name="verifyMonthlyTransfer" time="0.0" classname="com.TestCases.VerifyMonthlyMyTdecuAccountTransfer">
    <skipped/>
  </testcase> <!-- verifyMonthlyTransfer -->
</testsuite> <!-- VerifyMonthlyMyTdecuAccountTransfer Test Cases -->
