<?xml version="1.0" encoding="UTF-8"?>
<!-- Generated by org.testng.reporters.JUnitXMLReporter -->
<testsuite hostname="LAPTOP-1F0JMU93" ignored="0" name="VerifyWeeklyMyTdecuAccountTransfer Test Cases" tests="1" failures="0" timestamp="29 Dec 2018 16:04:51 GMT" time="6.84" errors="0">
  <testcase name="@BeforeTest setUp" time="6.834" classname="com.TestCases.VerifyWeeklyMyTdecuAccountTransfer">
    <failure type="java.lang.NullPointerException">
      <![CDATA[java.lang.NullPointerException
at com.TestCases.VerifyWeeklyMyTdecuAccountTransfer.setUp(VerifyWeeklyMyTdecuAccountTransfer.java:22)
... Removed 24 stack frames]]>
    </failure>
  </testcase> <!-- @BeforeTest setUp -->
  <testcase name="@AfterTest tearDown" time="0.0" classname="com.TestCases.VerifyWeeklyMyTdecuAccountTransfer">
    <skipped/>
  </testcase> <!-- @AfterTest tearDown -->
  <testcase name="verifyWeeklyTransfer" time="0.0" classname="com.TestCases.VerifyWeeklyMyTdecuAccountTransfer">
    <skipped/>
  </testcase> <!-- verifyWeeklyTransfer -->
</testsuite> <!-- VerifyWeeklyMyTdecuAccountTransfer Test Cases -->
