<?xml version="1.0" encoding="UTF-8"?>
<!-- Generated by org.testng.reporters.JUnitXMLReporter -->
<testsuite hostname="LAPTOP-1F0JMU93" ignored="0" name="VerifyDailyMyTdecuAccountTransfer Test Cases" tests="1" failures="0" timestamp="29 Dec 2018 16:04:44 GMT" time="7.117" errors="0">
  <testcase name="@BeforeTest setUp" time="7.111" classname="com.TestCases.VerifyDailyMyTdecuAccountTransfer">
    <failure type="java.lang.NullPointerException">
      <![CDATA[java.lang.NullPointerException
at com.TestCases.VerifyDailyMyTdecuAccountTransfer.setUp(VerifyDailyMyTdecuAccountTransfer.java:25)
... Removed 24 stack frames]]>
    </failure>
  </testcase> <!-- @BeforeTest setUp -->
  <testcase name="@AfterTest tearDown" time="0.0" classname="com.TestCases.VerifyDailyMyTdecuAccountTransfer">
    <skipped/>
  </testcase> <!-- @AfterTest tearDown -->
  <testcase name="verifyDailyTransfer" time="0.0" classname="com.TestCases.VerifyDailyMyTdecuAccountTransfer">
    <skipped/>
  </testcase> <!-- verifyDailyTransfer -->
</testsuite> <!-- VerifyDailyMyTdecuAccountTransfer Test Cases -->
